mode: set
github.com/Nuanu-com/split-share/splitter/cash.go:10.79,16.38 4 1
github.com/Nuanu-com/split-share/splitter/cash.go:16.38,29.42 6 1
github.com/Nuanu-com/split-share/splitter/cash.go:29.42,39.4 4 1
github.com/Nuanu-com/split-share/splitter/cash.go:41.3,41.33 1 1
github.com/Nuanu-com/split-share/splitter/cash.go:41.33,43.4 1 1
github.com/Nuanu-com/split-share/splitter/cash.go:45.3,45.43 1 1
github.com/Nuanu-com/split-share/splitter/cash.go:48.2,48.79 1 1
github.com/Nuanu-com/split-share/splitter/cash.go:48.79,50.3 1 1
github.com/Nuanu-com/split-share/splitter/cash.go:52.2,52.21 1 0
github.com/Nuanu-com/split-share/splitter/cash.go:55.35,57.2 1 1
github.com/Nuanu-com/split-share/splitter/utils.go:5.32,7.2 1 1
